[INFO][20-01-23][com.feige.mybatisTest.MybatisTest]info：进入limitUser方法
[DEBUG][20-01-23][com.feige.mybatisTest.MybatisTest]debug：进入limitUser方法
[ERROR][20-01-23][com.feige.mybatisTest.MybatisTest]error: 进入limitUser方法
[DEBUG][20-01-23][org.apache.ibatis.logging.LogFactory]Logging initialized using 'class org.apache.ibatis.logging.log4j.Log4jImpl' adapter.
[DEBUG][20-01-23][org.apache.ibatis.logging.LogFactory]Logging initialized using 'class org.apache.ibatis.logging.log4j.Log4jImpl' adapter.
[DEBUG][20-01-23][org.apache.ibatis.datasource.pooled.PooledDataSource]PooledDataSource forcefully closed/removed all connections.
[DEBUG][20-01-23][org.apache.ibatis.datasource.pooled.PooledDataSource]PooledDataSource forcefully closed/removed all connections.
[DEBUG][20-01-23][org.apache.ibatis.datasource.pooled.PooledDataSource]PooledDataSource forcefully closed/removed all connections.
[DEBUG][20-01-23][org.apache.ibatis.datasource.pooled.PooledDataSource]PooledDataSource forcefully closed/removed all connections.
[DEBUG][20-01-23][org.apache.ibatis.logging.LogFactory]Logging initialized using 'class org.apache.ibatis.logging.log4j.Log4jImpl' adapter.
[DEBUG][20-01-23][org.apache.ibatis.logging.LogFactory]Logging initialized using 'class org.apache.ibatis.logging.log4j.Log4jImpl' adapter.
[DEBUG][20-01-23][org.apache.ibatis.datasource.pooled.PooledDataSource]PooledDataSource forcefully closed/removed all connections.
[DEBUG][20-01-23][org.apache.ibatis.datasource.pooled.PooledDataSource]PooledDataSource forcefully closed/removed all connections.
[DEBUG][20-01-23][org.apache.ibatis.datasource.pooled.PooledDataSource]PooledDataSource forcefully closed/removed all connections.
[DEBUG][20-01-23][org.apache.ibatis.datasource.pooled.PooledDataSource]PooledDataSource forcefully closed/removed all connections.
[DEBUG][20-01-23][org.apache.ibatis.logging.LogFactory]Logging initialized using 'class org.apache.ibatis.logging.log4j.Log4jImpl' adapter.
[DEBUG][20-01-23][org.apache.ibatis.logging.LogFactory]Logging initialized using 'class org.apache.ibatis.logging.log4j.Log4jImpl' adapter.
[DEBUG][20-01-23][org.apache.ibatis.datasource.pooled.PooledDataSource]PooledDataSource forcefully closed/removed all connections.
[DEBUG][20-01-23][org.apache.ibatis.datasource.pooled.PooledDataSource]PooledDataSource forcefully closed/removed all connections.
[DEBUG][20-01-23][org.apache.ibatis.datasource.pooled.PooledDataSource]PooledDataSource forcefully closed/removed all connections.
[DEBUG][20-01-23][org.apache.ibatis.datasource.pooled.PooledDataSource]PooledDataSource forcefully closed/removed all connections.
[DEBUG][20-01-23][org.apache.ibatis.logging.LogFactory]Logging initialized using 'class org.apache.ibatis.logging.log4j.Log4jImpl' adapter.
[DEBUG][20-01-23][org.apache.ibatis.logging.LogFactory]Logging initialized using 'class org.apache.ibatis.logging.log4j.Log4jImpl' adapter.
[DEBUG][20-01-23][org.apache.ibatis.datasource.pooled.PooledDataSource]PooledDataSource forcefully closed/removed all connections.
[DEBUG][20-01-23][org.apache.ibatis.datasource.pooled.PooledDataSource]PooledDataSource forcefully closed/removed all connections.
[DEBUG][20-01-23][org.apache.ibatis.datasource.pooled.PooledDataSource]PooledDataSource forcefully closed/removed all connections.
[DEBUG][20-01-23][org.apache.ibatis.datasource.pooled.PooledDataSource]PooledDataSource forcefully closed/removed all connections.
[DEBUG][20-01-23][org.apache.ibatis.transaction.jdbc.JdbcTransaction]Opening JDBC Connection
[DEBUG][20-01-23][org.apache.ibatis.datasource.pooled.PooledDataSource]Created connection 1374754488.
[DEBUG][20-01-23][org.apache.ibatis.transaction.jdbc.JdbcTransaction]Setting autocommit to false on JDBC Connection [com.mysql.jdbc.JDBC4Connection@51f116b8]
[DEBUG][20-01-23][com.feige.dao.UserMapper.getUser]==>  Preparing: select * from user where username like ? 
[DEBUG][20-01-23][com.feige.dao.UserMapper.getUser]==> Parameters: %飞%(String)
[DEBUG][20-01-23][com.feige.dao.UserMapper.getUser]<==      Total: 2
[DEBUG][20-01-23][org.apache.ibatis.transaction.jdbc.JdbcTransaction]Resetting autocommit to true on JDBC Connection [com.mysql.jdbc.JDBC4Connection@51f116b8]
[DEBUG][20-01-23][org.apache.ibatis.transaction.jdbc.JdbcTransaction]Closing JDBC Connection [com.mysql.jdbc.JDBC4Connection@51f116b8]
[DEBUG][20-01-23][org.apache.ibatis.datasource.pooled.PooledDataSource]Returned connection 1374754488 to pool.
[INFO][20-01-23][com.feige.mybatisTest.MybatisTest]info：进入limitUser方法
[DEBUG][20-01-23][com.feige.mybatisTest.MybatisTest]debug：进入limitUser方法
[ERROR][20-01-23][com.feige.mybatisTest.MybatisTest]error: 进入limitUser方法
[DEBUG][20-01-23][org.apache.ibatis.logging.LogFactory]Logging initialized using 'class org.apache.ibatis.logging.log4j.Log4jImpl' adapter.
[DEBUG][20-01-23][org.apache.ibatis.logging.LogFactory]Logging initialized using 'class org.apache.ibatis.logging.log4j.Log4jImpl' adapter.
[DEBUG][20-01-23][org.apache.ibatis.datasource.pooled.PooledDataSource]PooledDataSource forcefully closed/removed all connections.
[DEBUG][20-01-23][org.apache.ibatis.datasource.pooled.PooledDataSource]PooledDataSource forcefully closed/removed all connections.
[DEBUG][20-01-23][org.apache.ibatis.datasource.pooled.PooledDataSource]PooledDataSource forcefully closed/removed all connections.
[DEBUG][20-01-23][org.apache.ibatis.datasource.pooled.PooledDataSource]PooledDataSource forcefully closed/removed all connections.
[DEBUG][20-01-23][org.apache.ibatis.transaction.jdbc.JdbcTransaction]Opening JDBC Connection
[DEBUG][20-01-23][org.apache.ibatis.datasource.pooled.PooledDataSource]Created connection 963815509.
[DEBUG][20-01-23][org.apache.ibatis.transaction.jdbc.JdbcTransaction]Setting autocommit to false on JDBC Connection [com.mysql.jdbc.JDBC4Connection@3972a855]
[DEBUG][20-01-23][com.feige.dao.UserMapper.limitUser]==>  Preparing: select * from user limit 2 
[DEBUG][20-01-23][com.feige.dao.UserMapper.limitUser]==> Parameters: 
[DEBUG][20-01-23][com.feige.dao.UserMapper.limitUser]<==      Total: 2
[DEBUG][20-01-23][org.apache.ibatis.transaction.jdbc.JdbcTransaction]Resetting autocommit to true on JDBC Connection [com.mysql.jdbc.JDBC4Connection@3972a855]
[DEBUG][20-01-23][org.apache.ibatis.transaction.jdbc.JdbcTransaction]Closing JDBC Connection [com.mysql.jdbc.JDBC4Connection@3972a855]
[DEBUG][20-01-23][org.apache.ibatis.datasource.pooled.PooledDataSource]Returned connection 963815509 to pool.
[DEBUG][20-01-23][org.apache.ibatis.logging.LogFactory]Logging initialized using 'class org.apache.ibatis.logging.log4j.Log4jImpl' adapter.
[DEBUG][20-01-23][org.apache.ibatis.logging.LogFactory]Logging initialized using 'class org.apache.ibatis.logging.log4j.Log4jImpl' adapter.
[DEBUG][20-01-23][org.apache.ibatis.datasource.pooled.PooledDataSource]PooledDataSource forcefully closed/removed all connections.
[DEBUG][20-01-23][org.apache.ibatis.datasource.pooled.PooledDataSource]PooledDataSource forcefully closed/removed all connections.
[DEBUG][20-01-23][org.apache.ibatis.datasource.pooled.PooledDataSource]PooledDataSource forcefully closed/removed all connections.
[DEBUG][20-01-23][org.apache.ibatis.datasource.pooled.PooledDataSource]PooledDataSource forcefully closed/removed all connections.
[DEBUG][20-01-23][org.apache.ibatis.transaction.jdbc.JdbcTransaction]Opening JDBC Connection
[DEBUG][20-01-23][org.apache.ibatis.datasource.pooled.PooledDataSource]Created connection 963815509.
[DEBUG][20-01-23][org.apache.ibatis.transaction.jdbc.JdbcTransaction]Setting autocommit to false on JDBC Connection [com.mysql.jdbc.JDBC4Connection@3972a855]
[DEBUG][20-01-23][com.feige.dao.UserMapper.getAllUser]==>  Preparing: select * from user 
[DEBUG][20-01-23][com.feige.dao.UserMapper.getAllUser]==> Parameters: 
[DEBUG][20-01-23][com.feige.dao.UserMapper.getAllUser]<==      Total: 4
[DEBUG][20-01-23][org.apache.ibatis.transaction.jdbc.JdbcTransaction]Resetting autocommit to true on JDBC Connection [com.mysql.jdbc.JDBC4Connection@3972a855]
[DEBUG][20-01-23][org.apache.ibatis.transaction.jdbc.JdbcTransaction]Closing JDBC Connection [com.mysql.jdbc.JDBC4Connection@3972a855]
[DEBUG][20-01-23][org.apache.ibatis.datasource.pooled.PooledDataSource]Returned connection 963815509 to pool.
[DEBUG][20-01-23][org.apache.ibatis.logging.LogFactory]Logging initialized using 'class org.apache.ibatis.logging.log4j.Log4jImpl' adapter.
[DEBUG][20-01-23][org.apache.ibatis.logging.LogFactory]Logging initialized using 'class org.apache.ibatis.logging.log4j.Log4jImpl' adapter.
[DEBUG][20-01-23][org.apache.ibatis.datasource.pooled.PooledDataSource]PooledDataSource forcefully closed/removed all connections.
[DEBUG][20-01-23][org.apache.ibatis.datasource.pooled.PooledDataSource]PooledDataSource forcefully closed/removed all connections.
[DEBUG][20-01-23][org.apache.ibatis.datasource.pooled.PooledDataSource]PooledDataSource forcefully closed/removed all connections.
[DEBUG][20-01-23][org.apache.ibatis.datasource.pooled.PooledDataSource]PooledDataSource forcefully closed/removed all connections.
[DEBUG][20-01-23][org.apache.ibatis.transaction.jdbc.JdbcTransaction]Opening JDBC Connection
[DEBUG][20-01-23][org.apache.ibatis.datasource.pooled.PooledDataSource]Created connection 111374580.
[DEBUG][20-01-23][org.apache.ibatis.transaction.jdbc.JdbcTransaction]Setting autocommit to false on JDBC Connection [com.mysql.jdbc.JDBC4Connection@6a370f4]
[DEBUG][20-01-23][com.feige.dao.UserMapper.getAllUser]==>  Preparing: select * from user 
[DEBUG][20-01-23][com.feige.dao.UserMapper.getAllUser]==> Parameters: 
[DEBUG][20-01-23][com.feige.dao.UserMapper.getAllUser]<==      Total: 4
[DEBUG][20-01-23][org.apache.ibatis.transaction.jdbc.JdbcTransaction]Resetting autocommit to true on JDBC Connection [com.mysql.jdbc.JDBC4Connection@6a370f4]
[DEBUG][20-01-23][org.apache.ibatis.transaction.jdbc.JdbcTransaction]Closing JDBC Connection [com.mysql.jdbc.JDBC4Connection@6a370f4]
[DEBUG][20-01-23][org.apache.ibatis.datasource.pooled.PooledDataSource]Returned connection 111374580 to pool.
[DEBUG][20-01-23][org.apache.ibatis.logging.LogFactory]Logging initialized using 'class org.apache.ibatis.logging.log4j.Log4jImpl' adapter.
[DEBUG][20-01-23][org.apache.ibatis.logging.LogFactory]Logging initialized using 'class org.apache.ibatis.logging.log4j.Log4jImpl' adapter.
[DEBUG][20-01-23][org.apache.ibatis.datasource.pooled.PooledDataSource]PooledDataSource forcefully closed/removed all connections.
[DEBUG][20-01-23][org.apache.ibatis.datasource.pooled.PooledDataSource]PooledDataSource forcefully closed/removed all connections.
[DEBUG][20-01-23][org.apache.ibatis.datasource.pooled.PooledDataSource]PooledDataSource forcefully closed/removed all connections.
[DEBUG][20-01-23][org.apache.ibatis.datasource.pooled.PooledDataSource]PooledDataSource forcefully closed/removed all connections.
[DEBUG][20-01-23][org.apache.ibatis.transaction.jdbc.JdbcTransaction]Opening JDBC Connection
[DEBUG][20-01-23][org.apache.ibatis.datasource.pooled.PooledDataSource]Created connection 963815509.
[DEBUG][20-01-23][org.apache.ibatis.transaction.jdbc.JdbcTransaction]Setting autocommit to false on JDBC Connection [com.mysql.jdbc.JDBC4Connection@3972a855]
[DEBUG][20-01-23][com.feige.dao.UserMapper.getAllUser]==>  Preparing: select * from user 
[DEBUG][20-01-23][com.feige.dao.UserMapper.getAllUser]==> Parameters: 
[DEBUG][20-01-23][com.feige.dao.UserMapper.getAllUser]<==      Total: 4
[DEBUG][20-01-23][org.apache.ibatis.transaction.jdbc.JdbcTransaction]Resetting autocommit to true on JDBC Connection [com.mysql.jdbc.JDBC4Connection@3972a855]
[DEBUG][20-01-23][org.apache.ibatis.transaction.jdbc.JdbcTransaction]Closing JDBC Connection [com.mysql.jdbc.JDBC4Connection@3972a855]
[DEBUG][20-01-23][org.apache.ibatis.datasource.pooled.PooledDataSource]Returned connection 963815509 to pool.
